<?xml version="1.0" encoding="UTF-8"?>
<testng-results skipped="0" failed="0" ignored="0" total="10" passed="10">
  <reporter-output>
  </reporter-output>
  <suite name="Command line suite" duration-ms="8132" started-at="2020-03-12T06:14:54 PDT" finished-at="2020-03-12T06:15:02 PDT">
    <groups>
    </groups>
    <test name="Command line test" duration-ms="8132" started-at="2020-03-12T06:14:54 PDT" finished-at="2020-03-12T06:15:02 PDT">
      <class name="com.qa.rest.test.Test5_Auth">
        <test-method status="PASS" signature="GetWeaDetails()[pri:0, instance:com.qa.rest.test.Test5_Auth@39c0f4a]" name="GetWeaDetails" duration-ms="568" started-at="2020-03-12T06:14:59 PDT" finished-at="2020-03-12T06:15:00 PDT">
          <reporter-output>
          </reporter-output>
        </test-method> <!-- GetWeaDetails -->
      </class> <!-- com.qa.rest.test.Test5_Auth -->
      <class name="com.qa.rest.test.Test4_ValResp">
        <test-method status="PASS" signature="GetWeaDetails()[pri:0, instance:com.qa.rest.test.Test4_ValResp@7d9d1a19]" name="GetWeaDetails" duration-ms="977" started-at="2020-03-12T06:14:58 PDT" finished-at="2020-03-12T06:14:59 PDT">
          <reporter-output>
          </reporter-output>
        </test-method> <!-- GetWeaDetails -->
      </class> <!-- com.qa.rest.test.Test4_ValResp -->
      <class name="com.qa.rest.datadriven.Test1_Basic">
        <test-method status="PASS" signature="creData(java.lang.String, java.lang.String, java.lang.String)[pri:0, instance:com.qa.rest.datadriven.Test1_Basic@4883b407]" name="creData" duration-ms="2484" started-at="2020-03-12T06:14:54 PDT" data-provider="newempdata" finished-at="2020-03-12T06:14:56 PDT">
          <params>
            <param index="0">
              <value>
                <![CDATA[Oliver]]>
              </value>
            </param>
            <param index="1">
              <value>
                <![CDATA[1111]]>
              </value>
            </param>
            <param index="2">
              <value>
                <![CDATA[adsdads]]>
              </value>
            </param>
          </params>
          <reporter-output>
          </reporter-output>
        </test-method> <!-- creData -->
        <test-method status="PASS" signature="creData(java.lang.String, java.lang.String, java.lang.String)[pri:0, instance:com.qa.rest.datadriven.Test1_Basic@4883b407]" name="creData" duration-ms="904" started-at="2020-03-12T06:14:56 PDT" data-provider="newempdata" finished-at="2020-03-12T06:14:57 PDT">
          <params>
            <param index="0">
              <value>
                <![CDATA[Queen]]>
              </value>
            </param>
            <param index="1">
              <value>
                <![CDATA[1122]]>
              </value>
            </param>
            <param index="2">
              <value>
                <![CDATA[adsdadsdfds]]>
              </value>
            </param>
          </params>
          <reporter-output>
          </reporter-output>
        </test-method> <!-- creData -->
        <test-method status="PASS" signature="creData(java.lang.String, java.lang.String, java.lang.String)[pri:0, instance:com.qa.rest.datadriven.Test1_Basic@4883b407]" name="creData" duration-ms="980" started-at="2020-03-12T06:14:57 PDT" data-provider="newempdata" finished-at="2020-03-12T06:14:58 PDT">
          <params>
            <param index="0">
              <value>
                <![CDATA[Felicity]]>
              </value>
            </param>
            <param index="1">
              <value>
                <![CDATA[3311]]>
              </value>
            </param>
            <param index="2">
              <value>
                <![CDATA[adsasdads]]>
              </value>
            </param>
          </params>
          <reporter-output>
          </reporter-output>
        </test-method> <!-- creData -->
      </class> <!-- com.qa.rest.datadriven.Test1_Basic -->
      <class name="com.qa.rest.test.Test2_Post">
        <test-method status="PASS" signature="register()[pri:0, instance:com.qa.rest.test.Test2_Post@343f4d3d]" name="register" duration-ms="612" started-at="2020-03-12T06:15:01 PDT" finished-at="2020-03-12T06:15:02 PDT">
          <reporter-output>
          </reporter-output>
        </test-method> <!-- register -->
      </class> <!-- com.qa.rest.test.Test2_Post -->
      <class name="com.qa.rest.test.Test6_Basic">
        <test-method status="PASS" signature="GetWeaDetails()[pri:0, instance:com.qa.rest.test.Test6_Basic@42e26948]" name="GetWeaDetails" duration-ms="480" started-at="2020-03-12T06:15:00 PDT" finished-at="2020-03-12T06:15:00 PDT">
          <reporter-output>
          </reporter-output>
        </test-method> <!-- GetWeaDetails -->
      </class> <!-- com.qa.rest.test.Test6_Basic -->
      <class name="com.qa.rest.test.Test3_ValHeader">
        <test-method status="PASS" signature="Hval()[pri:0, instance:com.qa.rest.test.Test3_ValHeader@1794d431]" name="Hval" duration-ms="397" started-at="2020-03-12T06:15:00 PDT" finished-at="2020-03-12T06:15:00 PDT">
          <reporter-output>
          </reporter-output>
        </test-method> <!-- Hval -->
      </class> <!-- com.qa.rest.test.Test3_ValHeader -->
      <class name="com.qa.rest.test.Test1_Get">
        <test-method status="PASS" signature="setup()[pri:0, instance:com.qa.rest.test.Test1_Get@57baeedf]" name="setup" is-config="true" duration-ms="14" started-at="2020-03-12T06:15:00 PDT" finished-at="2020-03-12T06:15:00 PDT">
          <reporter-output>
          </reporter-output>
        </test-method> <!-- setup -->
        <test-method status="PASS" signature="getData()[pri:0, instance:com.qa.rest.test.Test1_Get@57baeedf]" name="getData" is-config="true" duration-ms="672" started-at="2020-03-12T06:15:00 PDT" finished-at="2020-03-12T06:15:01 PDT">
          <reporter-output>
          </reporter-output>
        </test-method> <!-- getData -->
        <test-method status="PASS" signature="CheckRespBody()[pri:0, instance:com.qa.rest.test.Test1_Get@57baeedf]" name="CheckRespBody" duration-ms="0" started-at="2020-03-12T06:15:01 PDT" finished-at="2020-03-12T06:15:01 PDT">
          <reporter-output>
          </reporter-output>
        </test-method> <!-- CheckRespBody -->
        <test-method status="PASS" signature="CheckStatusCode()[pri:0, instance:com.qa.rest.test.Test1_Get@57baeedf]" name="CheckStatusCode" duration-ms="0" started-at="2020-03-12T06:15:01 PDT" finished-at="2020-03-12T06:15:01 PDT">
          <reporter-output>
          </reporter-output>
        </test-method> <!-- CheckStatusCode -->
      </class> <!-- com.qa.rest.test.Test1_Get -->
    </test> <!-- Command line test -->
  </suite> <!-- Command line suite -->
</testng-results>
