<?xml version="1.0" encoding="UTF-8"?>
<!-- Generated by org.testng.reporters.JUnitXMLReporter -->
<testsuite hostname="HYD-LAP-0317" ignored="0" name="Command line test" tests="10" failures="0" timestamp="2020-03-12T06:15:02 PDT" time="8.132" errors="0">
  <testcase name="creData" time="2.484" classname="com.qa.rest.datadriven.Test1_Basic"/>
  <testcase name="creData" time="0.904" classname="com.qa.rest.datadriven.Test1_Basic"/>
  <testcase name="creData" time="0.98" classname="com.qa.rest.datadriven.Test1_Basic"/>
  <testcase name="GetWeaDetails" time="0.977" classname="com.qa.rest.test.Test4_ValResp"/>
  <testcase name="GetWeaDetails" time="0.568" classname="com.qa.rest.test.Test5_Auth"/>
  <testcase name="Hval" time="0.397" classname="com.qa.rest.test.Test3_ValHeader"/>
  <testcase name="GetWeaDetails" time="0.48" classname="com.qa.rest.test.Test6_Basic"/>
  <testcase name="CheckRespBody" time="0.0" classname="com.qa.rest.test.Test1_Get"/>
  <testcase name="CheckStatusCode" time="0.0" classname="com.qa.rest.test.Test1_Get"/>
  <testcase name="register" time="0.612" classname="com.qa.rest.test.Test2_Post"/>
</testsuite> <!-- Command line test -->
